<?xml version="1.0" encoding="UTF-8"?>
<!-- Generated by org.testng.reporters.JUnitXMLReporter -->
<testsuite hostname="CARS16396" name="Default test" tests="3" failures="0" timestamp="20 Mar 2017 16:22:02 GMT" time="56.259" errors="0">
  <testcase name="testComposeMessage" time="16.484" classname="TestCases.MessagesTest"/>
  <testcase name="testReplyMessages" time="16.542" classname="TestCases.MessagesTest"/>
  <testcase name="testScheduleMessages" time="21.064" classname="TestCases.MessagesTest"/>
</testsuite> <!-- Default test -->
