<?xml version="1.0" encoding="UTF-8"?>
<!-- Generated by org.testng.reporters.JUnitXMLReporter -->
<testsuite hostname="CARS16396" name="Default test" tests="3" failures="0" timestamp="18 Mar 2017 01:28:51 GMT" time="69.965" errors="0">
  <testcase name="testComposeMessage" time="18.189" classname="TestCases.MessagesTest"/>
  <testcase name="testReplyMessages" time="18.249" classname="TestCases.MessagesTest"/>
  <testcase name="testScheduleMessages" time="31.218" classname="TestCases.MessagesTest"/>
</testsuite> <!-- Default test -->
