<?xml version="1.0" encoding="UTF-8"?>
<testng-results skipped="0" failed="0" total="3" passed="3">
  <reporter-output>
  </reporter-output>
  <suite name="Default suite" duration-ms="56259" started-at="2017-03-20T16:21:06Z" finished-at="2017-03-20T16:22:02Z">
    <groups>
    </groups>
    <test name="Default test" duration-ms="56259" started-at="2017-03-20T16:21:06Z" finished-at="2017-03-20T16:22:02Z">
      <class name="TestCases.MessagesTest">
        <test-method status="PASS" signature="testComposeMessage(java.lang.String, java.lang.String)[pri:0, instance:TestCases.MessagesTest@480bdb19]" name="testComposeMessage" duration-ms="16484" started-at="2017-03-20T11:21:06Z" data-provider="SSLoginDetails" finished-at="2017-03-20T11:21:22Z">
          <params>
            <param index="0">
              <value>
                <![CDATA[qatests+homework@sproutsocial.com]]>
              </value>
            </param>
            <param index="1">
              <value>
                <![CDATA[egQCorU7YuLE8guVsHnXMQJ+cTgt]]>
              </value>
            </param>
          </params>
          <reporter-output>
          </reporter-output>
        </test-method> <!-- testComposeMessage -->
        <test-method status="PASS" signature="after(org.testng.ITestContext)[pri:0, instance:TestCases.MessagesTest@480bdb19]" name="after" is-config="true" duration-ms="1034" started-at="2017-03-20T11:21:22Z" finished-at="2017-03-20T11:21:23Z">
          <params>
            <param index="0">
              <value>
                <![CDATA[org.testng.TestRunner@1fde5d22]]>
              </value>
            </param>
          </params>
          <reporter-output>
          </reporter-output>
        </test-method> <!-- after -->
        <test-method status="PASS" signature="testReplyMessages(java.lang.String, java.lang.String)[pri:0, instance:TestCases.MessagesTest@480bdb19]" name="testReplyMessages" duration-ms="16542" started-at="2017-03-20T11:21:23Z" data-provider="SSLoginDetails" finished-at="2017-03-20T11:21:40Z">
          <params>
            <param index="0">
              <value>
                <![CDATA[qatests+homework@sproutsocial.com]]>
              </value>
            </param>
            <param index="1">
              <value>
                <![CDATA[egQCorU7YuLE8guVsHnXMQJ+cTgt]]>
              </value>
            </param>
          </params>
          <reporter-output>
          </reporter-output>
        </test-method> <!-- testReplyMessages -->
        <test-method status="PASS" signature="after(org.testng.ITestContext)[pri:0, instance:TestCases.MessagesTest@480bdb19]" name="after" is-config="true" duration-ms="523" started-at="2017-03-20T11:21:40Z" finished-at="2017-03-20T11:21:40Z">
          <params>
            <param index="0">
              <value>
                <![CDATA[org.testng.TestRunner@1fde5d22]]>
              </value>
            </param>
          </params>
          <reporter-output>
          </reporter-output>
        </test-method> <!-- after -->
        <test-method status="PASS" signature="testScheduleMessages(java.lang.String, java.lang.String)[pri:0, instance:TestCases.MessagesTest@480bdb19]" name="testScheduleMessages" duration-ms="21064" started-at="2017-03-20T11:21:40Z" data-provider="SSLoginDetails" finished-at="2017-03-20T11:22:01Z">
          <params>
            <param index="0">
              <value>
                <![CDATA[qatests+homework@sproutsocial.com]]>
              </value>
            </param>
            <param index="1">
              <value>
                <![CDATA[egQCorU7YuLE8guVsHnXMQJ+cTgt]]>
              </value>
            </param>
          </params>
          <reporter-output>
          </reporter-output>
        </test-method> <!-- testScheduleMessages -->
        <test-method status="PASS" signature="after(org.testng.ITestContext)[pri:0, instance:TestCases.MessagesTest@480bdb19]" name="after" is-config="true" duration-ms="582" started-at="2017-03-20T11:22:01Z" finished-at="2017-03-20T11:22:02Z">
          <params>
            <param index="0">
              <value>
                <![CDATA[org.testng.TestRunner@1fde5d22]]>
              </value>
            </param>
          </params>
          <reporter-output>
          </reporter-output>
        </test-method> <!-- after -->
      </class> <!-- TestCases.MessagesTest -->
    </test> <!-- Default test -->
  </suite> <!-- Default suite -->
</testng-results>
